<?xml version="1.0" encoding="UTF-8"?>
<!-- Generated by org.testng.reporters.JUnitXMLReporter -->
<testsuite hostname="8901-8L8JD72" name="Registration Page" tests="4" failures="0" timestamp="14 Oct 2020 03:18:24 GMT" time="10.702" errors="0">
  <testcase name="bookFlightTest" time="7.848" classname="com.docker.test.FlightReservation"/>
  <testcase name="loginFlightTest" time="0.004" classname="com.docker.test.FlightReservation"/>
  <testcase name="logoutFlightTest" time="0.003" classname="com.docker.test.FlightReservation"/>
  <testcase name="registrationFlightTest" time="0.002" classname="com.docker.test.FlightReservation"/>
</testsuite> <!-- Registration Page -->
