<?xml version="1.0" encoding="UTF-8"?>
<!-- Generated by org.testng.reporters.JUnitXMLReporter -->
<testsuite hostname="8901-8L8JD72" name="Registration Page1" tests="4" failures="0" timestamp="14 Oct 2020 03:18:37 GMT" time="23.715" errors="0">
  <testcase name="bookFlightTest" time="6.054" classname="com.docker.test.FlightReservation"/>
  <testcase name="loginFlightTest" time="0.002" classname="com.docker.test.FlightReservation"/>
  <testcase name="logoutFlightTest" time="0.007" classname="com.docker.test.FlightReservation"/>
  <testcase name="registrationFlightTest" time="0.002" classname="com.docker.test.FlightReservation"/>
</testsuite> <!-- Registration Page1 -->
