<?xml version="1.0" encoding="UTF-8"?>
<!-- Generated by org.testng.reporters.JUnitXMLReporter -->
<testsuite hostname="8901-8L8JD72" ignored="0" name="Default test" tests="5" failures="0" timestamp="25 Sep 2020 03:08:51 GMT" time="8.876" errors="0">
  <testcase name="bookTest" time="0.11" classname="com.docker.test.HomePageTest"/>
  <testcase name="homeTest" time="0.006" classname="com.docker.test.HomePageTest"/>
  <testcase name="loginTest" time="0.006" classname="com.docker.test.HomePageTest"/>
  <testcase name="logoutTest" time="0.014" classname="com.docker.test.HomePageTest"/>
  <testcase name="registrationTest" time="4.625" classname="com.docker.test.HomePageTest"/>
</testsuite> <!-- Default test -->
